{"created": 1667905746.5538225, "duration": 0.528587818145752, "exitcode": 1, "root": "F:\\Work\\REPO\\CharmFL-dev\\test_project\\products", "environment": {"Python": "3.10.2", "Platform": "Windows-10-10.0.19043-SP0", "Packages": {"pytest": "7.2.0", "pluggy": "1.0.0"}, "Plugins": {"cov": "4.0.0", "json-report": "1.5.0", "metadata": "2.0.4"}, "JAVA_HOME": "C:\\Program Files\\Java\\jdk-17.0.2"}, "summary": {"passed": 4, "failed": 8, "total": 12, "collected": 12}, "collectors": [{"nodeid": "", "outcome": "passed", "result": [{"nodeid": "tests/testAddProducts.py", "type": "Module"}, {"nodeid": "tests/test_add_products.py", "type": "Module"}, {"nodeid": "test/testAddProducts2.py", "type": "Module"}]}, {"nodeid": "tests/testAddProducts.py", "outcome": "passed", "result": [{"nodeid": "tests/testAddProducts.py::test_AddProduct_Once", "type": "Function", "lineno": 3}, {"nodeid": "tests/testAddProducts.py::test_RemoveProduct_WhenTheresOne", "type": "Function", "lineno": 8}, {"nodeid": "tests/testAddProducts.py::test_RemoveProduct_FromMoreThanOne", "type": "Function", "lineno": 14}, {"nodeid": "tests/testAddProducts.py::test_AddProduct_MoreThanOnce", "type": "Function", "lineno": 21}]}, {"nodeid": "tests/test_add_products.py", "outcome": "passed", "result": [{"nodeid": "tests/test_add_products.py::test_AddProduct_Once", "type": "Function", "lineno": 3}, {"nodeid": "tests/test_add_products.py::test_RemoveProduct_WhenTheresOne", "type": "Function", "lineno": 8}, {"nodeid": "tests/test_add_products.py::test_RemoveProduct_FromMoreThanOne", "type": "Function", "lineno": 14}, {"nodeid": "tests/test_add_products.py::test_AddProduct_MoreThanOnce", "type": "Function", "lineno": 21}]}, {"nodeid": "test/testAddProducts2.py", "outcome": "passed", "result": [{"nodeid": "test/testAddProducts2.py::test_AddProduct_Once", "type": "Function", "lineno": 3}, {"nodeid": "test/testAddProducts2.py::test_RemoveProduct_WhenTheresOne", "type": "Function", "lineno": 8}, {"nodeid": "test/testAddProducts2.py::test_RemoveProduct_FromMoreThanOne", "type": "Function", "lineno": 14}, {"nodeid": "test/testAddProducts2.py::test_AddProduct_MoreThanOnce", "type": "Function", "lineno": 21}]}], "tests": [{"nodeid": "tests/testAddProducts.py::test_AddProduct_Once", "lineno": 3, "outcome": "passed", "keywords": ["test_AddProduct_Once", "testAddProducts.py", "tests/__init__.py", "products"], "setup": {"duration": 0.0009239001665264368, "outcome": "passed"}, "call": {"duration": 0.020878200186416507, "outcome": "passed"}, "teardown": {"duration": 0.0004913001321256161, "outcome": "passed"}}, {"nodeid": "tests/testAddProducts.py::test_RemoveProduct_WhenTheresOne", "lineno": 8, "outcome": "failed", "keywords": ["test_RemoveProduct_WhenTheresOne", "testAddProducts.py", "tests/__init__.py", "products"], "setup": {"duration": 0.00046749995090067387, "outcome": "passed"}, "call": {"duration": 0.010943999979645014, "outcome": "failed", "crash": {"path": "F:\\Work\\REPO\\CharmFL-dev\\test_project\\products\\directory\\example2.py", "lineno": 27, "message": "TypeError: getProductCount() missing 1 required positional argument: 'product'"}, "traceback": [{"path": "tests\\testAddProducts.py", "lineno": 12, "message": ""}, {"path": "example.py", "lineno": 16, "message": "in removeFromCart"}, {"path": "directory\\example2.py", "lineno": 27, "message": "TypeError"}], "stdout": "Your cart: \n", "longrepr": "def test_RemoveProduct_WhenTheresOne():\n        example.cart.clear()\n        example.addToCart(\"Apple\")\n>       example.removeFromCart(\"Apple\")\n\ntests\\testAddProducts.py:12: \n_ _ _ _ _ _ _ _ _ _ _ _ _ _ _ _ _ _ _ _ _ _ _ _ _ _ _ _ _ _ _ _ _ _ _ _ _ _ _ _\nexample.py:16: in removeFromCart\n    example2.printProductsInCart()\n_ _ _ _ _ _ _ _ _ _ _ _ _ _ _ _ _ _ _ _ _ _ _ _ _ _ _ _ _ _ _ _ _ _ _ _ _ _ _ _\n\n    def printProductsInCart():\n        print(\"Your cart: \")\n    \n>       getProductCount()\nE       TypeError: getProductCount() missing 1 required positional argument: 'product'\n\ndirectory\\example2.py:27: TypeError"}, "teardown": {"duration": 0.0006945999339222908, "outcome": "passed"}}, {"nodeid": "tests/testAddProducts.py::test_RemoveProduct_FromMoreThanOne", "lineno": 14, "outcome": "failed", "keywords": ["test_RemoveProduct_FromMoreThanOne", "testAddProducts.py", "tests/__init__.py", "products"], "setup": {"duration": 0.0006358001846820116, "outcome": "passed"}, "call": {"duration": 0.055929800029844046, "outcome": "failed", "crash": {"path": "F:\\Work\\REPO\\CharmFL-dev\\test_project\\products\\directory\\example2.py", "lineno": 27, "message": "TypeError: getProductCount() missing 1 required positional argument: 'product'"}, "traceback": [{"path": "tests\\testAddProducts.py", "lineno": 19, "message": ""}, {"path": "example.py", "lineno": 16, "message": "in removeFromCart"}, {"path": "directory\\example2.py", "lineno": 27, "message": "TypeError"}], "stdout": "Your cart: \n", "longrepr": "def test_RemoveProduct_FromMoreThanOne():\n        example.cart.clear()\n        example.addToCart(\"Apple\")\n        example.addToCart(\"Apple\")\n>       example.removeFromCart(\"Apple\")\n\ntests\\testAddProducts.py:19: \n_ _ _ _ _ _ _ _ _ _ _ _ _ _ _ _ _ _ _ _ _ _ _ _ _ _ _ _ _ _ _ _ _ _ _ _ _ _ _ _\nexample.py:16: in removeFromCart\n    example2.printProductsInCart()\n_ _ _ _ _ _ _ _ _ _ _ _ _ _ _ _ _ _ _ _ _ _ _ _ _ _ _ _ _ _ _ _ _ _ _ _ _ _ _ _\n\n    def printProductsInCart():\n        print(\"Your cart: \")\n    \n>       getProductCount()\nE       TypeError: getProductCount() missing 1 required positional argument: 'product'\n\ndirectory\\example2.py:27: TypeError"}, "teardown": {"duration": 0.000574400182813406, "outcome": "passed"}}, {"nodeid": "tests/testAddProducts.py::test_AddProduct_MoreThanOnce", "lineno": 21, "outcome": "failed", "keywords": ["test_AddProduct_MoreThanOnce", "testAddProducts.py", "tests/__init__.py", "products"], "setup": {"duration": 0.0007721998263150454, "outcome": "passed"}, "call": {"duration": 0.03623619978316128, "outcome": "failed", "crash": {"path": "F:\\Work\\REPO\\CharmFL-dev\\test_project\\products\\tests\\testAddProducts.py", "lineno": 26, "message": "AssertionError: assert 3 == 2\n +  where 3 = <function getProductCount at 0x000002298ABF65F0>('Apple')\n +    where <function getProductCount at 0x000002298ABF65F0> = example.getProductCount"}, "traceback": [{"path": "tests\\testAddProducts.py", "lineno": 26, "message": "AssertionError"}], "longrepr": "def test_AddProduct_MoreThanOnce():\n        example.cart.clear()\n        example.addToCart(\"Apple\")\n        example.addToCart(\"Apple\")\n>       assert example.getProductCount(\"Apple\") == 2\nE       AssertionError: assert 3 == 2\nE        +  where 3 = <function getProductCount at 0x000002298ABF65F0>('Apple')\nE        +    where <function getProductCount at 0x000002298ABF65F0> = example.getProductCount\n\ntests\\testAddProducts.py:26: AssertionError"}, "teardown": {"duration": 0.0006375000812113285, "outcome": "passed"}}, {"nodeid": "tests/test_add_products.py::test_AddProduct_Once", "lineno": 3, "outcome": "passed", "keywords": ["test_AddProduct_Once", "test_add_products.py", "tests/__init__.py", "products"], "setup": {"duration": 0.0008875001221895218, "outcome": "passed"}, "call": {"duration": 0.0186729000415653, "outcome": "passed"}, "teardown": {"duration": 0.0006164000369608402, "outcome": "passed"}}, {"nodeid": "tests/test_add_products.py::test_RemoveProduct_WhenTheresOne", "lineno": 8, "outcome": "failed", "keywords": ["test_RemoveProduct_WhenTheresOne", "test_add_products.py", "tests/__init__.py", "products"], "setup": {"duration": 0.0007822001352906227, "outcome": "passed"}, "call": {"duration": 0.018316099885851145, "outcome": "failed", "crash": {"path": "F:\\Work\\REPO\\CharmFL-dev\\test_project\\products\\directory\\example2.py", "lineno": 27, "message": "TypeError: getProductCount() missing 1 required positional argument: 'product'"}, "traceback": [{"path": "tests\\test_add_products.py", "lineno": 12, "message": ""}, {"path": "example.py", "lineno": 16, "message": "in removeFromCart"}, {"path": "directory\\example2.py", "lineno": 27, "message": "TypeError"}], "stdout": "Your cart: \n", "longrepr": "def test_RemoveProduct_WhenTheresOne():\n        example.cart.clear()\n        example.addToCart(\"Apple\")\n>       example.removeFromCart(\"Apple\")\n\ntests\\test_add_products.py:12: \n_ _ _ _ _ _ _ _ _ _ _ _ _ _ _ _ _ _ _ _ _ _ _ _ _ _ _ _ _ _ _ _ _ _ _ _ _ _ _ _\nexample.py:16: in removeFromCart\n    example2.printProductsInCart()\n_ _ _ _ _ _ _ _ _ _ _ _ _ _ _ _ _ _ _ _ _ _ _ _ _ _ _ _ _ _ _ _ _ _ _ _ _ _ _ _\n\n    def printProductsInCart():\n        print(\"Your cart: \")\n    \n>       getProductCount()\nE       TypeError: getProductCount() missing 1 required positional argument: 'product'\n\ndirectory\\example2.py:27: TypeError"}, "teardown": {"duration": 0.0006262999959290028, "outcome": "passed"}}, {"nodeid": "tests/test_add_products.py::test_RemoveProduct_FromMoreThanOne", "lineno": 14, "outcome": "failed", "keywords": ["test_RemoveProduct_FromMoreThanOne", "test_add_products.py", "tests/__init__.py", "products"], "setup": {"duration": 0.0008187999483197927, "outcome": "passed"}, "call": {"duration": 0.015300099970772862, "outcome": "failed", "crash": {"path": "F:\\Work\\REPO\\CharmFL-dev\\test_project\\products\\directory\\example2.py", "lineno": 27, "message": "TypeError: getProductCount() missing 1 required positional argument: 'product'"}, "traceback": [{"path": "tests\\test_add_products.py", "lineno": 19, "message": ""}, {"path": "example.py", "lineno": 16, "message": "in removeFromCart"}, {"path": "directory\\example2.py", "lineno": 27, "message": "TypeError"}], "stdout": "Your cart: \n", "longrepr": "def test_RemoveProduct_FromMoreThanOne():\n        example.cart.clear()\n        example.addToCart(\"Apple\")\n        example.addToCart(\"Apple\")\n>       example.removeFromCart(\"Apple\")\n\ntests\\test_add_products.py:19: \n_ _ _ _ _ _ _ _ _ _ _ _ _ _ _ _ _ _ _ _ _ _ _ _ _ _ _ _ _ _ _ _ _ _ _ _ _ _ _ _\nexample.py:16: in removeFromCart\n    example2.printProductsInCart()\n_ _ _ _ _ _ _ _ _ _ _ _ _ _ _ _ _ _ _ _ _ _ _ _ _ _ _ _ _ _ _ _ _ _ _ _ _ _ _ _\n\n    def printProductsInCart():\n        print(\"Your cart: \")\n    \n>       getProductCount()\nE       TypeError: getProductCount() missing 1 required positional argument: 'product'\n\ndirectory\\example2.py:27: TypeError"}, "teardown": {"duration": 0.0009159001056104898, "outcome": "passed"}}, {"nodeid": "tests/test_add_products.py::test_AddProduct_MoreThanOnce", "lineno": 21, "outcome": "failed", "keywords": ["test_AddProduct_MoreThanOnce", "test_add_products.py", "tests/__init__.py", "products"], "setup": {"duration": 0.0006310997996479273, "outcome": "passed"}, "call": {"duration": 0.028490099823102355, "outcome": "failed", "crash": {"path": "F:\\Work\\REPO\\CharmFL-dev\\test_project\\products\\tests\\test_add_products.py", "lineno": 26, "message": "AssertionError: assert 3 == 2\n +  where 3 = <function getProductCount at 0x000002298ABF65F0>('Apple')\n +    where <function getProductCount at 0x000002298ABF65F0> = example.getProductCount"}, "traceback": [{"path": "tests\\test_add_products.py", "lineno": 26, "message": "AssertionError"}], "longrepr": "def test_AddProduct_MoreThanOnce():\n        example.cart.clear()\n        example.addToCart(\"Apple\")\n        example.addToCart(\"Apple\")\n>       assert example.getProductCount(\"Apple\") == 2\nE       AssertionError: assert 3 == 2\nE        +  where 3 = <function getProductCount at 0x000002298ABF65F0>('Apple')\nE        +    where <function getProductCount at 0x000002298ABF65F0> = example.getProductCount\n\ntests\\test_add_products.py:26: AssertionError"}, "teardown": {"duration": 0.0005863001570105553, "outcome": "passed"}}, {"nodeid": "test/testAddProducts2.py::test_AddProduct_Once", "lineno": 3, "outcome": "passed", "keywords": ["test_AddProduct_Once", "testAddProducts2.py", "test/__init__.py", "products"], "setup": {"duration": 0.0016892999410629272, "outcome": "passed"}, "call": {"duration": 0.022704799892380834, "outcome": "passed"}, "teardown": {"duration": 0.0017996998503804207, "outcome": "passed"}}, {"nodeid": "test/testAddProducts2.py::test_RemoveProduct_WhenTheresOne", "lineno": 8, "outcome": "passed", "keywords": ["test_RemoveProduct_WhenTheresOne", "testAddProducts2.py", "test/__init__.py", "products"], "setup": {"duration": 0.0005715000443160534, "outcome": "passed"}, "call": {"duration": 0.023917000042274594, "outcome": "passed"}, "teardown": {"duration": 0.0007040000054985285, "outcome": "passed"}}, {"nodeid": "test/testAddProducts2.py::test_RemoveProduct_FromMoreThanOne", "lineno": 14, "outcome": "failed", "keywords": ["test_RemoveProduct_FromMoreThanOne", "testAddProducts2.py", "test/__init__.py", "products"], "setup": {"duration": 0.0016223001293838024, "outcome": "passed"}, "call": {"duration": 0.030427400022745132, "outcome": "failed", "crash": {"path": "F:\\Work\\REPO\\CharmFL-dev\\test_project\\products\\test\\testAddProducts2.py", "lineno": 20, "message": "AssertionError: assert 2 == 1\n +  where 2 = <function getProductCount at 0x000002298ABF6440>('Apple')\n +    where <function getProductCount at 0x000002298ABF6440> = example.getProductCount"}, "traceback": [{"path": "test\\testAddProducts2.py", "lineno": 20, "message": "AssertionError"}], "longrepr": "def test_RemoveProduct_FromMoreThanOne():\n        example.cart.clear()\n        example.addToCart(\"Apple\")\n        example.addToCart(\"Apple\")\n        example.removeFromCart(\"Apple\")\n>       assert example.getProductCount(\"Apple\") == 1\nE       AssertionError: assert 2 == 1\nE        +  where 2 = <function getProductCount at 0x000002298ABF6440>('Apple')\nE        +    where <function getProductCount at 0x000002298ABF6440> = example.getProductCount\n\ntest\\testAddProducts2.py:20: AssertionError"}, "teardown": {"duration": 0.0005610999651253223, "outcome": "passed"}}, {"nodeid": "test/testAddProducts2.py::test_AddProduct_MoreThanOnce", "lineno": 21, "outcome": "failed", "keywords": ["test_AddProduct_MoreThanOnce", "testAddProducts2.py", "test/__init__.py", "products"], "setup": {"duration": 0.0005918999668210745, "outcome": "passed"}, "call": {"duration": 0.01364420005120337, "outcome": "failed", "crash": {"path": "F:\\Work\\REPO\\CharmFL-dev\\test_project\\products\\test\\testAddProducts2.py", "lineno": 26, "message": "AssertionError: assert 3 == 2\n +  where 3 = <function getProductCount at 0x000002298ABF6440>('Apple')\n +    where <function getProductCount at 0x000002298ABF6440> = example.getProductCount"}, "traceback": [{"path": "test\\testAddProducts2.py", "lineno": 26, "message": "AssertionError"}], "longrepr": "def test_AddProduct_MoreThanOnce():\n        example.cart.clear()\n        example.addToCart(\"Apple\")\n        example.addToCart(\"Apple\")\n>       assert example.getProductCount(\"Apple\") == 2\nE       AssertionError: assert 3 == 2\nE        +  where 3 = <function getProductCount at 0x000002298ABF6440>('Apple')\nE        +    where <function getProductCount at 0x000002298ABF6440> = example.getProductCount\n\ntest\\testAddProducts2.py:26: AssertionError"}, "teardown": {"duration": 0.0006021999288350344, "outcome": "passed"}}]}