{"meta": {"version": "6.1.1", "timestamp": "2021-11-01T02:53:11.972384", "branch_coverage": false, "show_contexts": true}, "files": {"example.py": {"executed_lines": [4, 7, 8, 9, 11, 14, 15, 16, 17, 18, 19, 24, 31, 32, 33, 35, 36], "summary": {"covered_lines": 17, "num_statements": 21, "percent_covered": 80.95238095238095, "percent_covered_display": "81", "missing_lines": 4, "excluded_lines": 0}, "missing_lines": [21, 25, 26, 27], "excluded_lines": [], "contexts": {"4": [""], "7": [""], "14": [""], "24": [""], "31": [""], "36": [""], "8": ["test.testAddProducts2.test_RemoveProduct_WhenTheresOne", "tests.testAddProducts.test_RemoveProduct_WhenTheresOne", "test.test_add_products_2.test_AddProduct_Once", "tests.testAddProducts.test_RemoveProduct_FromMoreThanOne", "test.testAddProducts2.test_AddProduct_MoreThanOnce", "tests.test_add_products.test_AddProduct_MoreThanOnce", "test.test_add_products_2.test_RemoveProduct_WhenTheresOne", "test.test_add_products_2.test_AddProduct_MoreThanOnce", "tests.test_add_products.test_AddProduct_Once", "test.testAddProducts2.test_AddProduct_Once", "test.test_add_products_2.test_RemoveProduct_FromMoreThanOne", "tests.testAddProducts.test_AddProduct_MoreThanOnce", "tests.test_add_products.test_RemoveProduct_WhenTheresOne", "tests.testAddProducts.test_AddProduct_Once", "test.testAddProducts2.test_RemoveProduct_FromMoreThanOne", "tests.test_add_products.test_RemoveProduct_FromMoreThanOne"], "9": ["test.testAddProducts2.test_RemoveProduct_WhenTheresOne", "tests.testAddProducts.test_RemoveProduct_WhenTheresOne", "test.test_add_products_2.test_AddProduct_Once", "tests.testAddProducts.test_RemoveProduct_FromMoreThanOne", "test.testAddProducts2.test_AddProduct_MoreThanOnce", "tests.test_add_products.test_AddProduct_MoreThanOnce", "test.test_add_products_2.test_RemoveProduct_WhenTheresOne", "test.test_add_products_2.test_AddProduct_MoreThanOnce", "tests.test_add_products.test_AddProduct_Once", "test.testAddProducts2.test_AddProduct_Once", "test.test_add_products_2.test_RemoveProduct_FromMoreThanOne", "tests.testAddProducts.test_AddProduct_MoreThanOnce", "tests.test_add_products.test_RemoveProduct_WhenTheresOne", "tests.testAddProducts.test_AddProduct_Once", "test.testAddProducts2.test_RemoveProduct_FromMoreThanOne", "tests.test_add_products.test_RemoveProduct_FromMoreThanOne"], "32": ["test.testAddProducts2.test_RemoveProduct_WhenTheresOne", "tests.testAddProducts.test_RemoveProduct_WhenTheresOne", "test.test_add_products_2.test_AddProduct_Once", "tests.testAddProducts.test_RemoveProduct_FromMoreThanOne", "test.testAddProducts2.test_AddProduct_MoreThanOnce", "tests.test_add_products.test_AddProduct_MoreThanOnce", "test.test_add_products_2.test_RemoveProduct_WhenTheresOne", "test.test_add_products_2.test_AddProduct_MoreThanOnce", "tests.test_add_products.test_AddProduct_Once", "test.testAddProducts2.test_AddProduct_Once", "test.test_add_products_2.test_RemoveProduct_FromMoreThanOne", "tests.testAddProducts.test_AddProduct_MoreThanOnce", "tests.test_add_products.test_RemoveProduct_WhenTheresOne", "tests.testAddProducts.test_AddProduct_Once", "test.testAddProducts2.test_RemoveProduct_FromMoreThanOne", "tests.test_add_products.test_RemoveProduct_FromMoreThanOne"], "35": ["test.test_add_products_2.test_AddProduct_Once", "tests.testAddProducts.test_RemoveProduct_FromMoreThanOne", "test.testAddProducts2.test_AddProduct_MoreThanOnce", "tests.test_add_products.test_AddProduct_MoreThanOnce", "test.test_add_products_2.test_AddProduct_MoreThanOnce", "tests.test_add_products.test_AddProduct_Once", "test.testAddProducts2.test_AddProduct_Once", "test.test_add_products_2.test_RemoveProduct_FromMoreThanOne", "tests.testAddProducts.test_AddProduct_MoreThanOnce", "tests.testAddProducts.test_AddProduct_Once", "test.testAddProducts2.test_RemoveProduct_FromMoreThanOne", "tests.test_add_products.test_RemoveProduct_FromMoreThanOne"], "15": ["test.testAddProducts2.test_RemoveProduct_WhenTheresOne", "tests.testAddProducts.test_RemoveProduct_WhenTheresOne", "tests.testAddProducts.test_RemoveProduct_FromMoreThanOne", "test.test_add_products_2.test_RemoveProduct_WhenTheresOne", "test.test_add_products_2.test_RemoveProduct_FromMoreThanOne", "tests.test_add_products.test_RemoveProduct_WhenTheresOne", "test.testAddProducts2.test_RemoveProduct_FromMoreThanOne", "tests.test_add_products.test_RemoveProduct_FromMoreThanOne"], "16": ["test.testAddProducts2.test_RemoveProduct_WhenTheresOne", "tests.testAddProducts.test_RemoveProduct_WhenTheresOne", "tests.testAddProducts.test_RemoveProduct_FromMoreThanOne", "test.test_add_products_2.test_RemoveProduct_WhenTheresOne", "test.test_add_products_2.test_RemoveProduct_FromMoreThanOne", "tests.test_add_products.test_RemoveProduct_WhenTheresOne", "test.testAddProducts2.test_RemoveProduct_FromMoreThanOne", "tests.test_add_products.test_RemoveProduct_FromMoreThanOne"], "18": ["test.testAddProducts2.test_RemoveProduct_WhenTheresOne", "test.test_add_products_2.test_RemoveProduct_WhenTheresOne", "tests.testAddProducts.test_RemoveProduct_WhenTheresOne", "tests.test_add_products.test_RemoveProduct_WhenTheresOne"], "19": ["test.testAddProducts2.test_RemoveProduct_WhenTheresOne", "test.test_add_products_2.test_RemoveProduct_WhenTheresOne", "tests.testAddProducts.test_RemoveProduct_WhenTheresOne", "tests.test_add_products.test_RemoveProduct_WhenTheresOne"], "33": ["test.testAddProducts2.test_RemoveProduct_WhenTheresOne", "test.test_add_products_2.test_RemoveProduct_WhenTheresOne", "tests.testAddProducts.test_RemoveProduct_WhenTheresOne", "tests.test_add_products.test_RemoveProduct_WhenTheresOne"], "11": ["tests.testAddProducts.test_RemoveProduct_FromMoreThanOne", "test.testAddProducts2.test_AddProduct_MoreThanOnce", "tests.test_add_products.test_AddProduct_MoreThanOnce", "test.test_add_products_2.test_AddProduct_MoreThanOnce", "test.test_add_products_2.test_RemoveProduct_FromMoreThanOne", "tests.testAddProducts.test_AddProduct_MoreThanOnce", "test.testAddProducts2.test_RemoveProduct_FromMoreThanOne", "tests.test_add_products.test_RemoveProduct_FromMoreThanOne"], "17": ["test.testAddProducts2.test_RemoveProduct_FromMoreThanOne", "test.test_add_products_2.test_RemoveProduct_FromMoreThanOne", "tests.testAddProducts.test_RemoveProduct_FromMoreThanOne", "tests.test_add_products.test_RemoveProduct_FromMoreThanOne"]}}, "test\\__init__.py": {"executed_lines": [1], "summary": {"covered_lines": 0, "num_statements": 0, "percent_covered": 100.0, "percent_covered_display": "100", "missing_lines": 0, "excluded_lines": 0}, "missing_lines": [], "excluded_lines": [], "contexts": {"1": [""]}}, "test\\testAddProducts2.py": {"executed_lines": [1, 2, 4, 5, 6, 7, 9, 10, 11, 12, 13, 15, 16, 17, 18, 19, 20, 22, 23, 24, 25, 26], "summary": {"covered_lines": 22, "num_statements": 22, "percent_covered": 100.0, "percent_covered_display": "100", "missing_lines": 0, "excluded_lines": 0}, "missing_lines": [], "excluded_lines": [], "contexts": {"1": [""], "2": [""], "4": [""], "9": [""], "15": [""], "22": [""], "5": ["test.testAddProducts2.test_AddProduct_Once"], "6": ["test.testAddProducts2.test_AddProduct_Once"], "7": ["test.testAddProducts2.test_AddProduct_Once"], "10": ["test.testAddProducts2.test_RemoveProduct_WhenTheresOne"], "11": ["test.testAddProducts2.test_RemoveProduct_WhenTheresOne"], "12": ["test.testAddProducts2.test_RemoveProduct_WhenTheresOne"], "13": ["test.testAddProducts2.test_RemoveProduct_WhenTheresOne"], "16": ["test.testAddProducts2.test_RemoveProduct_FromMoreThanOne"], "17": ["test.testAddProducts2.test_RemoveProduct_FromMoreThanOne"], "18": ["test.testAddProducts2.test_RemoveProduct_FromMoreThanOne"], "19": ["test.testAddProducts2.test_RemoveProduct_FromMoreThanOne"], "20": ["test.testAddProducts2.test_RemoveProduct_FromMoreThanOne"], "23": ["test.testAddProducts2.test_AddProduct_MoreThanOnce"], "24": ["test.testAddProducts2.test_AddProduct_MoreThanOnce"], "25": ["test.testAddProducts2.test_AddProduct_MoreThanOnce"], "26": ["test.testAddProducts2.test_AddProduct_MoreThanOnce"]}}, "test\\test_add_products_2.py": {"executed_lines": [1, 2, 4, 5, 6, 7, 9, 10, 11, 12, 13, 15, 16, 17, 18, 19, 20, 22, 23, 24, 25, 26], "summary": {"covered_lines": 22, "num_statements": 22, "percent_covered": 100.0, "percent_covered_display": "100", "missing_lines": 0, "excluded_lines": 0}, "missing_lines": [], "excluded_lines": [], "contexts": {"1": [""], "2": [""], "4": [""], "9": [""], "15": [""], "22": [""], "5": ["test.test_add_products_2.test_AddProduct_Once"], "6": ["test.test_add_products_2.test_AddProduct_Once"], "7": ["test.test_add_products_2.test_AddProduct_Once"], "10": ["test.test_add_products_2.test_RemoveProduct_WhenTheresOne"], "11": ["test.test_add_products_2.test_RemoveProduct_WhenTheresOne"], "12": ["test.test_add_products_2.test_RemoveProduct_WhenTheresOne"], "13": ["test.test_add_products_2.test_RemoveProduct_WhenTheresOne"], "16": ["test.test_add_products_2.test_RemoveProduct_FromMoreThanOne"], "17": ["test.test_add_products_2.test_RemoveProduct_FromMoreThanOne"], "18": ["test.test_add_products_2.test_RemoveProduct_FromMoreThanOne"], "19": ["test.test_add_products_2.test_RemoveProduct_FromMoreThanOne"], "20": ["test.test_add_products_2.test_RemoveProduct_FromMoreThanOne"], "23": ["test.test_add_products_2.test_AddProduct_MoreThanOnce"], "24": ["test.test_add_products_2.test_AddProduct_MoreThanOnce"], "25": ["test.test_add_products_2.test_AddProduct_MoreThanOnce"], "26": ["test.test_add_products_2.test_AddProduct_MoreThanOnce"]}}, "tests\\__init__.py": {"executed_lines": [1], "summary": {"covered_lines": 0, "num_statements": 0, "percent_covered": 100.0, "percent_covered_display": "100", "missing_lines": 0, "excluded_lines": 0}, "missing_lines": [], "excluded_lines": [], "contexts": {"1": [""]}}, "tests\\testAddProducts.py": {"executed_lines": [1, 2, 4, 5, 6, 7, 9, 10, 11, 12, 13, 15, 16, 17, 18, 19, 20, 22, 23, 24, 25, 26], "summary": {"covered_lines": 22, "num_statements": 22, "percent_covered": 100.0, "percent_covered_display": "100", "missing_lines": 0, "excluded_lines": 0}, "missing_lines": [], "excluded_lines": [], "contexts": {"1": [""], "2": [""], "4": [""], "9": [""], "15": [""], "22": [""], "5": ["tests.testAddProducts.test_AddProduct_Once"], "6": ["tests.testAddProducts.test_AddProduct_Once"], "7": ["tests.testAddProducts.test_AddProduct_Once"], "10": ["tests.testAddProducts.test_RemoveProduct_WhenTheresOne"], "11": ["tests.testAddProducts.test_RemoveProduct_WhenTheresOne"], "12": ["tests.testAddProducts.test_RemoveProduct_WhenTheresOne"], "13": ["tests.testAddProducts.test_RemoveProduct_WhenTheresOne"], "16": ["tests.testAddProducts.test_RemoveProduct_FromMoreThanOne"], "17": ["tests.testAddProducts.test_RemoveProduct_FromMoreThanOne"], "18": ["tests.testAddProducts.test_RemoveProduct_FromMoreThanOne"], "19": ["tests.testAddProducts.test_RemoveProduct_FromMoreThanOne"], "20": ["tests.testAddProducts.test_RemoveProduct_FromMoreThanOne"], "23": ["tests.testAddProducts.test_AddProduct_MoreThanOnce"], "24": ["tests.testAddProducts.test_AddProduct_MoreThanOnce"], "25": ["tests.testAddProducts.test_AddProduct_MoreThanOnce"], "26": ["tests.testAddProducts.test_AddProduct_MoreThanOnce"]}}, "tests\\test_add_products.py": {"executed_lines": [1, 2, 4, 5, 6, 7, 9, 10, 11, 12, 13, 15, 16, 17, 18, 19, 20, 22, 23, 24, 25, 26], "summary": {"covered_lines": 22, "num_statements": 22, "percent_covered": 100.0, "percent_covered_display": "100", "missing_lines": 0, "excluded_lines": 0}, "missing_lines": [], "excluded_lines": [], "contexts": {"1": [""], "2": [""], "4": [""], "9": [""], "15": [""], "22": [""], "5": ["tests.test_add_products.test_AddProduct_Once"], "6": ["tests.test_add_products.test_AddProduct_Once"], "7": ["tests.test_add_products.test_AddProduct_Once"], "10": ["tests.test_add_products.test_RemoveProduct_WhenTheresOne"], "11": ["tests.test_add_products.test_RemoveProduct_WhenTheresOne"], "12": ["tests.test_add_products.test_RemoveProduct_WhenTheresOne"], "13": ["tests.test_add_products.test_RemoveProduct_WhenTheresOne"], "16": ["tests.test_add_products.test_RemoveProduct_FromMoreThanOne"], "17": ["tests.test_add_products.test_RemoveProduct_FromMoreThanOne"], "18": ["tests.test_add_products.test_RemoveProduct_FromMoreThanOne"], "19": ["tests.test_add_products.test_RemoveProduct_FromMoreThanOne"], "20": ["tests.test_add_products.test_RemoveProduct_FromMoreThanOne"], "23": ["tests.test_add_products.test_AddProduct_MoreThanOnce"], "24": ["tests.test_add_products.test_AddProduct_MoreThanOnce"], "25": ["tests.test_add_products.test_AddProduct_MoreThanOnce"], "26": ["tests.test_add_products.test_AddProduct_MoreThanOnce"]}}}, "totals": {"covered_lines": 105, "num_statements": 109, "percent_covered": 96.3302752293578, "percent_covered_display": "96", "missing_lines": 4, "excluded_lines": 0}}