{"created": 1664182227.48885, "duration": 0.2919962406158447, "exitcode": 1, "root": "C:\\Users\\user\\Documents\\charmfl\\pyfl\\src\\main\\python", "environment": {"Python": "3.9.13", "Platform": "Windows-10-10.0.19044-SP0", "Packages": {"pytest": "6.2.5", "py": "1.10.0", "pluggy": "1.0.0"}, "Plugins": {"cov": "3.0.0", "excel": "1.4.2", "json-report": "1.5.0", "metadata": "2.0.2"}, "JAVA_HOME": "C:\\Program Files\\Java\\jdk-17.0.3"}, "summary": {"failed": 1, "total": 1, "collected": 1}, "collectors": [{"nodeid": "", "outcome": "passed", "result": [{"nodeid": "tests/test_ast_facade.py", "type": "Module"}, {"nodeid": "tests/test_method_coverage.py", "type": "Module"}]}, {"nodeid": "tests/test_ast_facade.py::TestASTFunctions", "outcome": "passed", "result": []}, {"nodeid": "tests/test_ast_facade.py", "outcome": "passed", "result": [{"nodeid": "tests/test_ast_facade.py::TestASTFunctions", "type": "UnitTestCase"}]}, {"nodeid": "tests/test_method_coverage.py::TestMethodCoverageFunctions", "outcome": "passed", "result": [{"nodeid": "tests/test_method_coverage.py::TestMethodCoverageFunctions::test_get_coverage_with_context", "type": "TestCaseFunction", "lineno": 8}]}, {"nodeid": "tests/test_method_coverage.py", "outcome": "passed", "result": [{"nodeid": "tests/test_method_coverage.py::TestMethodCoverageFunctions", "type": "UnitTestCase"}]}], "tests": [{"nodeid": "tests/test_method_coverage.py::TestMethodCoverageFunctions::test_get_coverage_with_context", "lineno": 8, "outcome": "failed", "keywords": ["python", "tests/__init__.py", "TestMethodCoverageFunctions", "test_get_coverage_with_context", "test_method_coverage.py"], "setup": {"duration": 0.024040700000000026, "outcome": "passed"}, "call": {"duration": 0.0006913000000001723, "outcome": "failed", "crash": {"path": "C:\\Users\\user\\Documents\\charmfl\\pyfl\\src\\main\\python\\tests\\test_method_coverage.py", "lineno": 11, "message": "AssertionError: True != False"}, "traceback": [{"path": "tests\\test_method_coverage.py", "lineno": 11, "message": "AssertionError"}], "longrepr": "self = <python.tests.test_method_coverage.TestMethodCoverageFunctions testMethod=test_get_coverage_with_context>\n\n    def test_get_coverage_with_context(self):\n    \n>       self.assertEqual(True, False)  # add assertion here\nE       AssertionError: True != False\n\ntests\\test_method_coverage.py:11: AssertionError"}, "teardown": {"duration": 0.007325800000000049, "outcome": "passed"}}]}